<?xml version="1.0" encoding="UTF-8"?>
<robot generator="Robot 6.0.1 (Python 3.11.1 on win32)" generated="20221228 11:56:30.839" rpa="false" schemaversion="3">
<suite id="s1" name="Testcase" source="c:\Users\Usuario\Downloads\PythonTesting\testcase.robot">
<test id="s1-t1" name="Registrar tarea" line="13">
<kw name="Open Browser" library="Selenium2Library">
<arg>https://almacc.tustributos.com/</arg>
<arg>chrome</arg>
<doc>Opens a new browser instance to the optional ``url``.</doc>
<msg timestamp="20221228 11:56:31.345" level="INFO">Opening browser 'chrome' to base url 'https://almacc.tustributos.com/'.</msg>
<status status="PASS" starttime="20221228 11:56:31.344" endtime="20221228 11:56:35.252"/>
</kw>
<kw name="Start Video Recording" library="ScreenCapLibrary">
<arg>alias=None</arg>
<arg>name=Iniciar Sesión</arg>
<arg>fps=none</arg>
<arg>size_percentage=1</arg>
<arg>embed=True</arg>
<arg>embed_width=100px</arg>
<arg>monitor=1</arg>
<doc>Starts the recording of a video in the background with the specified ``name``.
The recording can be stopped by calling the `Stop Video Recording` keyword.</doc>
<msg timestamp="20221228 11:56:37.406" level="INFO">Automatically setting a fps of 7.5</msg>
<status status="PASS" starttime="20221228 11:56:35.254" endtime="20221228 11:56:37.410"/>
</kw>
<kw name="Maximize Browser Window" library="Selenium2Library">
<doc>Maximizes current browser window.</doc>
<status status="PASS" starttime="20221228 11:56:37.411" endtime="20221228 11:56:37.581"/>
</kw>
<kw name="Sleep" library="BuiltIn">
<arg>1s</arg>
<doc>Pauses the test executed for the given time.</doc>
<msg timestamp="20221228 11:56:38.582" level="INFO">Slept 1 second</msg>
<status status="PASS" starttime="20221228 11:56:37.581" endtime="20221228 11:56:38.582"/>
</kw>
<kw name="Input Text" library="Selenium2Library">
<arg>name=txtUserName</arg>
<arg>${textotitulo}</arg>
<doc>Types the given ``text`` into the text field identified by ``locator``.</doc>
<msg timestamp="20221228 11:56:38.584" level="INFO">Typing text 'gamayatx' into text field 'name=txtUserName'.</msg>
<status status="PASS" starttime="20221228 11:56:38.583" endtime="20221228 11:56:38.672"/>
</kw>
<kw name="Input Text" library="Selenium2Library">
<arg>name=txtUserPassword</arg>
<arg>${descripcion}</arg>
<doc>Types the given ``text`` into the text field identified by ``locator``.</doc>
<msg timestamp="20221228 11:56:38.674" level="INFO">Typing text 'Agas1234' into text field 'name=txtUserPassword'.</msg>
<status status="PASS" starttime="20221228 11:56:38.673" endtime="20221228 11:56:38.773"/>
</kw>
<kw name="Sleep" library="BuiltIn">
<arg>1s</arg>
<doc>Pauses the test executed for the given time.</doc>
<msg timestamp="20221228 11:56:39.775" level="INFO">Slept 1 second</msg>
<status status="PASS" starttime="20221228 11:56:38.773" endtime="20221228 11:56:39.775"/>
</kw>
<kw name="Click Button" library="Selenium2Library">
<arg>name=linLogin</arg>
<doc>Clicks the button identified by ``locator``.</doc>
<msg timestamp="20221228 11:56:39.778" level="INFO">Clicking button 'name=linLogin'.</msg>
<status status="PASS" starttime="20221228 11:56:39.777" endtime="20221228 11:56:41.704"/>
</kw>
<kw name="Stop Video Recording" library="ScreenCapLibrary">
<arg>alias=None</arg>
<doc>Stops the video recording corresponding to the given ``alias`` and generates the file in WebM format. If no
``alias`` is specified, the last opened recording will be closed. If there are more recordings with the same
alias all of them will be closed. If ``embed`` argument was set to
``True`` the video will be displayed in the log file.
Furthermore, if the ``save_to_disk`` parameter is set to ``False``, the video will be embedded and available in
the log file only.</doc>
<msg timestamp="20221228 11:56:41.816" level="INFO" html="true">&lt;a href="Iniciar%20Sesi%C3%B3n_6.webm"&gt;&lt;video width="100px" autoplay&gt;&lt;source src="Iniciar%20Sesi%C3%B3n_6.webm" type="video/webm"&gt;&lt;/video&gt;&lt;/a&gt;</msg>
<status status="PASS" starttime="20221228 11:56:41.705" endtime="20221228 11:56:41.817"/>
</kw>
<kw name="Close All Browsers" library="Selenium2Library">
<doc>Closes all open browsers and resets the browser cache.</doc>
<status status="PASS" starttime="20221228 11:56:41.818" endtime="20221228 11:56:46.162"/>
</kw>
<status status="PASS" starttime="20221228 11:56:31.343" endtime="20221228 11:56:46.164"/>
</test>
<status status="PASS" starttime="20221228 11:56:30.846" endtime="20221228 11:56:46.170"/>
</suite>
<statistics>
<total>
<stat pass="1" fail="0" skip="0">All Tests</stat>
</total>
<tag>
</tag>
<suite>
<stat pass="1" fail="0" skip="0" id="s1" name="Testcase">Testcase</stat>
</suite>
</statistics>
<errors>
</errors>
</robot>
